[0.010s] Invoking command in '/home/milan/roboracer_ws/src/lab-8-model-predictive-control-team8/build/mpc': CMAKE_PREFIX_PATH=${CMAKE_PREFIX_PATH}:/home/milan/sim_ws/install/f1tenth_gym_ros:/opt/ros/humble /usr/bin/cmake --build /home/milan/roboracer_ws/src/lab-8-model-predictive-control-team8/build/mpc -- -j16 -l16
[0.048s] [35m[1mConsolidate compiler generated dependencies of target mpc_node[0m
[0.063s] [  0%] Built target ament_cmake_python_copy_mpc_setup
[0.063s] [  0%] Built target ament_cmake_python_copy_mpc
[0.067s] [100%] Built target mpc_node
[0.234s] running egg_info
[0.235s] writing mpc.egg-info/PKG-INFO
[0.235s] writing dependency_links to mpc.egg-info/dependency_links.txt
[0.235s] writing top-level names to mpc.egg-info/top_level.txt
[0.236s] reading manifest file 'mpc.egg-info/SOURCES.txt'
[0.237s] writing manifest file 'mpc.egg-info/SOURCES.txt'
[0.263s] [100%] Built target ament_cmake_python_build_mpc_egg
[0.273s] Invoked command in '/home/milan/roboracer_ws/src/lab-8-model-predictive-control-team8/build/mpc' returned '0': CMAKE_PREFIX_PATH=${CMAKE_PREFIX_PATH}:/home/milan/sim_ws/install/f1tenth_gym_ros:/opt/ros/humble /usr/bin/cmake --build /home/milan/roboracer_ws/src/lab-8-model-predictive-control-team8/build/mpc -- -j16 -l16
[0.282s] Invoking command in '/home/milan/roboracer_ws/src/lab-8-model-predictive-control-team8/build/mpc': CMAKE_PREFIX_PATH=${CMAKE_PREFIX_PATH}:/home/milan/sim_ws/install/f1tenth_gym_ros:/opt/ros/humble /usr/bin/cmake --install /home/milan/roboracer_ws/src/lab-8-model-predictive-control-team8/build/mpc
[0.288s] -- Install configuration: ""
[0.288s] -- Up-to-date: /home/milan/roboracer_ws/src/lab-8-model-predictive-control-team8/install/mpc/lib/mpc/mpc_node
[0.289s] -- Up-to-date: /home/milan/roboracer_ws/src/lab-8-model-predictive-control-team8/install/mpc/share/mpc/environment/pythonpath.sh
[0.289s] -- Up-to-date: /home/milan/roboracer_ws/src/lab-8-model-predictive-control-team8/install/mpc/share/mpc/environment/pythonpath.dsv
[0.289s] -- Up-to-date: /home/milan/roboracer_ws/src/lab-8-model-predictive-control-team8/install/mpc/lib/python3.10/site-packages/mpc-0.0.0-py3.10.egg-info
[0.289s] -- Installing: /home/milan/roboracer_ws/src/lab-8-model-predictive-control-team8/install/mpc/lib/python3.10/site-packages/mpc-0.0.0-py3.10.egg-info/PKG-INFO
[0.289s] -- Installing: /home/milan/roboracer_ws/src/lab-8-model-predictive-control-team8/install/mpc/lib/python3.10/site-packages/mpc-0.0.0-py3.10.egg-info/dependency_links.txt
[0.289s] -- Installing: /home/milan/roboracer_ws/src/lab-8-model-predictive-control-team8/install/mpc/lib/python3.10/site-packages/mpc-0.0.0-py3.10.egg-info/SOURCES.txt
[0.289s] -- Installing: /home/milan/roboracer_ws/src/lab-8-model-predictive-control-team8/install/mpc/lib/python3.10/site-packages/mpc-0.0.0-py3.10.egg-info/top_level.txt
[0.289s] -- Up-to-date: /home/milan/roboracer_ws/src/lab-8-model-predictive-control-team8/install/mpc/lib/python3.10/site-packages/mpc
[0.289s] -- Up-to-date: /home/milan/roboracer_ws/src/lab-8-model-predictive-control-team8/install/mpc/lib/python3.10/site-packages/mpc/__init__.py
[0.313s] Listing '/home/milan/roboracer_ws/src/lab-8-model-predictive-control-team8/install/mpc/lib/python3.10/site-packages/mpc'...
[0.317s] -- Up-to-date: /home/milan/roboracer_ws/src/lab-8-model-predictive-control-team8/install/mpc/lib/mpc/mpc_node.py
[0.317s] -- Up-to-date: /home/milan/roboracer_ws/src/lab-8-model-predictive-control-team8/install/mpc/lib/mpc/utils.py
[0.317s] -- Up-to-date: /home/milan/roboracer_ws/src/lab-8-model-predictive-control-team8/install/mpc/share/ament_index/resource_index/package_run_dependencies/mpc
[0.317s] -- Up-to-date: /home/milan/roboracer_ws/src/lab-8-model-predictive-control-team8/install/mpc/share/ament_index/resource_index/parent_prefix_path/mpc
[0.317s] -- Up-to-date: /home/milan/roboracer_ws/src/lab-8-model-predictive-control-team8/install/mpc/share/mpc/environment/ament_prefix_path.sh
[0.317s] -- Up-to-date: /home/milan/roboracer_ws/src/lab-8-model-predictive-control-team8/install/mpc/share/mpc/environment/ament_prefix_path.dsv
[0.318s] -- Up-to-date: /home/milan/roboracer_ws/src/lab-8-model-predictive-control-team8/install/mpc/share/mpc/environment/path.sh
[0.318s] -- Up-to-date: /home/milan/roboracer_ws/src/lab-8-model-predictive-control-team8/install/mpc/share/mpc/environment/path.dsv
[0.318s] -- Up-to-date: /home/milan/roboracer_ws/src/lab-8-model-predictive-control-team8/install/mpc/share/mpc/local_setup.bash
[0.318s] -- Up-to-date: /home/milan/roboracer_ws/src/lab-8-model-predictive-control-team8/install/mpc/share/mpc/local_setup.sh
[0.318s] -- Up-to-date: /home/milan/roboracer_ws/src/lab-8-model-predictive-control-team8/install/mpc/share/mpc/local_setup.zsh
[0.318s] -- Up-to-date: /home/milan/roboracer_ws/src/lab-8-model-predictive-control-team8/install/mpc/share/mpc/local_setup.dsv
[0.318s] -- Installing: /home/milan/roboracer_ws/src/lab-8-model-predictive-control-team8/install/mpc/share/mpc/package.dsv
[0.318s] -- Up-to-date: /home/milan/roboracer_ws/src/lab-8-model-predictive-control-team8/install/mpc/share/ament_index/resource_index/packages/mpc
[0.318s] -- Up-to-date: /home/milan/roboracer_ws/src/lab-8-model-predictive-control-team8/install/mpc/share/mpc/cmake/mpcConfig.cmake
[0.318s] -- Up-to-date: /home/milan/roboracer_ws/src/lab-8-model-predictive-control-team8/install/mpc/share/mpc/cmake/mpcConfig-version.cmake
[0.318s] -- Up-to-date: /home/milan/roboracer_ws/src/lab-8-model-predictive-control-team8/install/mpc/share/mpc/package.xml
[0.320s] Invoked command in '/home/milan/roboracer_ws/src/lab-8-model-predictive-control-team8/build/mpc' returned '0': CMAKE_PREFIX_PATH=${CMAKE_PREFIX_PATH}:/home/milan/sim_ws/install/f1tenth_gym_ros:/opt/ros/humble /usr/bin/cmake --install /home/milan/roboracer_ws/src/lab-8-model-predictive-control-team8/build/mpc
