[0.010s] Invoking command in '/home/milan/roboracer_ws/src/lab-8-model-predictive-control-team8/build/mpc': CMAKE_PREFIX_PATH=${CMAKE_PREFIX_PATH}:/home/milan/sim_ws/install/f1tenth_gym_ros:/opt/ros/humble PS1=(.venv) \[\e]0;\u@\h: \w\a\]${debian_chroot:+($debian_chroot)}\[\033[01;32m\]\u@\h\[\033[00m\]:\[\033[01;34m\]\w\[\033[00m\]\$ VIRTUAL_ENV_PROMPT=(.venv) /usr/bin/cmake --build /home/milan/roboracer_ws/src/lab-8-model-predictive-control-team8/build/mpc -- -j16 -l16
[0.065s] [100%] Built target mpc_node
[0.067s] [100%] Built target ament_cmake_python_copy_mpc_setup
[0.067s] [100%] Built target ament_cmake_python_copy_mpc
[0.247s] running egg_info
[0.247s] writing mpc.egg-info/PKG-INFO
[0.247s] writing dependency_links to mpc.egg-info/dependency_links.txt
[0.247s] writing top-level names to mpc.egg-info/top_level.txt
[0.249s] reading manifest file 'mpc.egg-info/SOURCES.txt'
[0.249s] writing manifest file 'mpc.egg-info/SOURCES.txt'
[0.277s] [100%] Built target ament_cmake_python_build_mpc_egg
[0.288s] Invoked command in '/home/milan/roboracer_ws/src/lab-8-model-predictive-control-team8/build/mpc' returned '0': CMAKE_PREFIX_PATH=${CMAKE_PREFIX_PATH}:/home/milan/sim_ws/install/f1tenth_gym_ros:/opt/ros/humble PS1=(.venv) \[\e]0;\u@\h: \w\a\]${debian_chroot:+($debian_chroot)}\[\033[01;32m\]\u@\h\[\033[00m\]:\[\033[01;34m\]\w\[\033[00m\]\$ VIRTUAL_ENV_PROMPT=(.venv) /usr/bin/cmake --build /home/milan/roboracer_ws/src/lab-8-model-predictive-control-team8/build/mpc -- -j16 -l16
[0.298s] Invoking command in '/home/milan/roboracer_ws/src/lab-8-model-predictive-control-team8/build/mpc': CMAKE_PREFIX_PATH=${CMAKE_PREFIX_PATH}:/home/milan/sim_ws/install/f1tenth_gym_ros:/opt/ros/humble PS1=(.venv) \[\e]0;\u@\h: \w\a\]${debian_chroot:+($debian_chroot)}\[\033[01;32m\]\u@\h\[\033[00m\]:\[\033[01;34m\]\w\[\033[00m\]\$ VIRTUAL_ENV_PROMPT=(.venv) /usr/bin/cmake --install /home/milan/roboracer_ws/src/lab-8-model-predictive-control-team8/build/mpc
[0.304s] -- Install configuration: ""
[0.304s] -- Up-to-date: /home/milan/roboracer_ws/src/lab-8-model-predictive-control-team8/install/mpc/lib/mpc/mpc_node
[0.304s] -- Up-to-date: /home/milan/roboracer_ws/src/lab-8-model-predictive-control-team8/install/mpc/share/mpc/environment/pythonpath.sh
[0.304s] -- Up-to-date: /home/milan/roboracer_ws/src/lab-8-model-predictive-control-team8/install/mpc/share/mpc/environment/pythonpath.dsv
[0.305s] -- Up-to-date: /home/milan/roboracer_ws/src/lab-8-model-predictive-control-team8/install/mpc/lib/python3.10/site-packages/mpc-0.0.0-py3.10.egg-info
[0.305s] -- Installing: /home/milan/roboracer_ws/src/lab-8-model-predictive-control-team8/install/mpc/lib/python3.10/site-packages/mpc-0.0.0-py3.10.egg-info/PKG-INFO
[0.305s] -- Installing: /home/milan/roboracer_ws/src/lab-8-model-predictive-control-team8/install/mpc/lib/python3.10/site-packages/mpc-0.0.0-py3.10.egg-info/dependency_links.txt
[0.305s] -- Installing: /home/milan/roboracer_ws/src/lab-8-model-predictive-control-team8/install/mpc/lib/python3.10/site-packages/mpc-0.0.0-py3.10.egg-info/SOURCES.txt
[0.305s] -- Installing: /home/milan/roboracer_ws/src/lab-8-model-predictive-control-team8/install/mpc/lib/python3.10/site-packages/mpc-0.0.0-py3.10.egg-info/top_level.txt
[0.305s] -- Up-to-date: /home/milan/roboracer_ws/src/lab-8-model-predictive-control-team8/install/mpc/lib/python3.10/site-packages/mpc
[0.305s] -- Up-to-date: /home/milan/roboracer_ws/src/lab-8-model-predictive-control-team8/install/mpc/lib/python3.10/site-packages/mpc/__init__.py
[0.329s] Listing '/home/milan/roboracer_ws/src/lab-8-model-predictive-control-team8/install/mpc/lib/python3.10/site-packages/mpc'...
[0.332s] -- Up-to-date: /home/milan/roboracer_ws/src/lab-8-model-predictive-control-team8/install/mpc/lib/mpc/mpc_node.py
[0.332s] -- Up-to-date: /home/milan/roboracer_ws/src/lab-8-model-predictive-control-team8/install/mpc/lib/mpc/utils.py
[0.333s] -- Up-to-date: /home/milan/roboracer_ws/src/lab-8-model-predictive-control-team8/install/mpc/share/ament_index/resource_index/package_run_dependencies/mpc
[0.333s] -- Up-to-date: /home/milan/roboracer_ws/src/lab-8-model-predictive-control-team8/install/mpc/share/ament_index/resource_index/parent_prefix_path/mpc
[0.333s] -- Up-to-date: /home/milan/roboracer_ws/src/lab-8-model-predictive-control-team8/install/mpc/share/mpc/environment/ament_prefix_path.sh
[0.333s] -- Up-to-date: /home/milan/roboracer_ws/src/lab-8-model-predictive-control-team8/install/mpc/share/mpc/environment/ament_prefix_path.dsv
[0.333s] -- Up-to-date: /home/milan/roboracer_ws/src/lab-8-model-predictive-control-team8/install/mpc/share/mpc/environment/path.sh
[0.333s] -- Up-to-date: /home/milan/roboracer_ws/src/lab-8-model-predictive-control-team8/install/mpc/share/mpc/environment/path.dsv
[0.333s] -- Up-to-date: /home/milan/roboracer_ws/src/lab-8-model-predictive-control-team8/install/mpc/share/mpc/local_setup.bash
[0.333s] -- Up-to-date: /home/milan/roboracer_ws/src/lab-8-model-predictive-control-team8/install/mpc/share/mpc/local_setup.sh
[0.333s] -- Up-to-date: /home/milan/roboracer_ws/src/lab-8-model-predictive-control-team8/install/mpc/share/mpc/local_setup.zsh
[0.333s] -- Up-to-date: /home/milan/roboracer_ws/src/lab-8-model-predictive-control-team8/install/mpc/share/mpc/local_setup.dsv
[0.333s] -- Installing: /home/milan/roboracer_ws/src/lab-8-model-predictive-control-team8/install/mpc/share/mpc/package.dsv
[0.333s] -- Up-to-date: /home/milan/roboracer_ws/src/lab-8-model-predictive-control-team8/install/mpc/share/ament_index/resource_index/packages/mpc
[0.333s] -- Up-to-date: /home/milan/roboracer_ws/src/lab-8-model-predictive-control-team8/install/mpc/share/mpc/cmake/mpcConfig.cmake
[0.333s] -- Up-to-date: /home/milan/roboracer_ws/src/lab-8-model-predictive-control-team8/install/mpc/share/mpc/cmake/mpcConfig-version.cmake
[0.334s] -- Up-to-date: /home/milan/roboracer_ws/src/lab-8-model-predictive-control-team8/install/mpc/share/mpc/package.xml
[0.335s] Invoked command in '/home/milan/roboracer_ws/src/lab-8-model-predictive-control-team8/build/mpc' returned '0': CMAKE_PREFIX_PATH=${CMAKE_PREFIX_PATH}:/home/milan/sim_ws/install/f1tenth_gym_ros:/opt/ros/humble PS1=(.venv) \[\e]0;\u@\h: \w\a\]${debian_chroot:+($debian_chroot)}\[\033[01;32m\]\u@\h\[\033[00m\]:\[\033[01;34m\]\w\[\033[00m\]\$ VIRTUAL_ENV_PROMPT=(.venv) /usr/bin/cmake --install /home/milan/roboracer_ws/src/lab-8-model-predictive-control-team8/build/mpc
