[0.009s] Invoking command in '/home/milan/roboracer_ws/src/lab-8-model-predictive-control-team8/build/mpc': CMAKE_PREFIX_PATH=/home/milan/sim_ws/install/f1tenth_gym_ros:/opt/ros/humble PS1=(.venv) \[\e]0;\u@\h: \w\a\]${debian_chroot:+($debian_chroot)}\[\033[01;32m\]\u@\h\[\033[00m\]:\[\033[01;34m\]\w\[\033[00m\]\$ VIRTUAL_ENV_PROMPT=(.venv) /usr/bin/cmake /home/milan/roboracer_ws/src/lab-8-model-predictive-control-team8/mpc -DCMAKE_INSTALL_PREFIX=/home/milan/roboracer_ws/src/lab-8-model-predictive-control-team8/install/mpc
[0.018s] -- Found ament_cmake: 1.3.12 (/opt/ros/humble/share/ament_cmake/cmake)
[0.104s] -- Found rclcpp: 16.0.17 (/opt/ros/humble/share/rclcpp/cmake)
[0.123s] -- Found rosidl_generator_c: 3.1.8 (/opt/ros/humble/share/rosidl_generator_c/cmake)
[0.125s] -- Found rosidl_adapter: 3.1.8 (/opt/ros/humble/share/rosidl_adapter/cmake)
[0.129s] -- Found rosidl_generator_cpp: 3.1.8 (/opt/ros/humble/share/rosidl_generator_cpp/cmake)
[0.134s] -- Using all available rosidl_typesupport_c: rosidl_typesupport_fastrtps_c;rosidl_typesupport_introspection_c
[0.141s] -- Using all available rosidl_typesupport_cpp: rosidl_typesupport_fastrtps_cpp;rosidl_typesupport_introspection_cpp
[0.159s] -- Found rmw_implementation_cmake: 6.1.2 (/opt/ros/humble/share/rmw_implementation_cmake/cmake)
[0.160s] -- Found rmw_fastrtps_cpp: 6.2.9 (/opt/ros/humble/share/rmw_fastrtps_cpp/cmake)
[0.246s] -- Using RMW implementation 'rmw_fastrtps_cpp' as default
[0.273s] -- Found rclpy: 3.3.19 (/opt/ros/humble/share/rclpy/cmake)
[0.273s] -- Found geometry_msgs: 4.9.0 (/opt/ros/humble/share/geometry_msgs/cmake)
[0.280s] -- Found nav_msgs: 4.9.0 (/opt/ros/humble/share/nav_msgs/cmake)
[0.289s] -- Found ackermann_msgs: 2.0.2 (/opt/ros/humble/share/ackermann_msgs/cmake)
[0.296s] -- Found sensor_msgs: 4.9.0 (/opt/ros/humble/share/sensor_msgs/cmake)
[0.305s] -- Found visualization_msgs: 4.9.0 (/opt/ros/humble/share/visualization_msgs/cmake)
[0.317s] -- Found tf2: 0.25.18 (/opt/ros/humble/share/tf2/cmake)
[0.319s] -- Found tf2_ros: 0.25.18 (/opt/ros/humble/share/tf2_ros/cmake)
[0.439s] -- Found ament_lint_auto: 0.12.14 (/opt/ros/humble/share/ament_lint_auto/cmake)
[0.499s] -- Added test 'copyright' to check source files copyright and LICENSE
[0.500s] -- Added test 'cppcheck' to perform static code analysis on C / C++ code
[0.500s] -- Configured cppcheck include dirs: /home/milan/roboracer_ws/src/lab-8-model-predictive-control-team8/mpc/include;$<BUILD_INTERFACE:/home/milan/roboracer_ws/src/lab-8-model-predictive-control-team8/mpc/include>
[0.500s] -- Configured cppcheck exclude dirs and/or files: 
[0.501s] -- Added test 'cpplint' to check C / C++ code against the Google style
[0.501s] -- Configured cpplint exclude dirs and/or files: 
[0.502s] -- Added test 'flake8' to check Python code syntax and style conventions
[0.502s] -- Added test 'lint_cmake' to check CMake code style
[0.502s] -- Added test 'pep257' to check Python code against some of the docstring style conventions in PEP 257
[0.503s] -- Added test 'uncrustify' to check C / C++ code style
[0.503s] -- Configured uncrustify additional arguments: 
[0.503s] -- Added test 'xmllint' to check XML markup files
[0.504s] -- Configuring done
[0.515s] -- Generating done
[0.519s] -- Build files have been written to: /home/milan/roboracer_ws/src/lab-8-model-predictive-control-team8/build/mpc
[0.531s] Invoked command in '/home/milan/roboracer_ws/src/lab-8-model-predictive-control-team8/build/mpc' returned '0': CMAKE_PREFIX_PATH=/home/milan/sim_ws/install/f1tenth_gym_ros:/opt/ros/humble PS1=(.venv) \[\e]0;\u@\h: \w\a\]${debian_chroot:+($debian_chroot)}\[\033[01;32m\]\u@\h\[\033[00m\]:\[\033[01;34m\]\w\[\033[00m\]\$ VIRTUAL_ENV_PROMPT=(.venv) /usr/bin/cmake /home/milan/roboracer_ws/src/lab-8-model-predictive-control-team8/mpc -DCMAKE_INSTALL_PREFIX=/home/milan/roboracer_ws/src/lab-8-model-predictive-control-team8/install/mpc
[0.533s] Invoking command in '/home/milan/roboracer_ws/src/lab-8-model-predictive-control-team8/build/mpc': CMAKE_PREFIX_PATH=/home/milan/sim_ws/install/f1tenth_gym_ros:/opt/ros/humble PS1=(.venv) \[\e]0;\u@\h: \w\a\]${debian_chroot:+($debian_chroot)}\[\033[01;32m\]\u@\h\[\033[00m\]:\[\033[01;34m\]\w\[\033[00m\]\$ VIRTUAL_ENV_PROMPT=(.venv) /usr/bin/cmake --build /home/milan/roboracer_ws/src/lab-8-model-predictive-control-team8/build/mpc -- -j16 -l16
[0.574s] [ 50%] [32mBuilding CXX object CMakeFiles/mpc_node.dir/src/mpc_node.cpp.o[0m
[0.579s] [ 50%] Built target ament_cmake_python_copy_mpc_setup
[0.580s] [ 50%] Built target ament_cmake_python_copy_mpc
[0.768s] running egg_info
[0.768s] creating mpc.egg-info
[0.768s] writing mpc.egg-info/PKG-INFO
[0.768s] writing dependency_links to mpc.egg-info/dependency_links.txt
[0.768s] writing top-level names to mpc.egg-info/top_level.txt
[0.769s] writing manifest file 'mpc.egg-info/SOURCES.txt'
[0.770s] reading manifest file 'mpc.egg-info/SOURCES.txt'
[0.770s] writing manifest file 'mpc.egg-info/SOURCES.txt'
[0.795s] [ 50%] Built target ament_cmake_python_build_mpc_egg
[9.209s] [100%] [32m[1mLinking CXX executable mpc_node[0m
[9.575s] [100%] Built target mpc_node
[9.585s] Invoked command in '/home/milan/roboracer_ws/src/lab-8-model-predictive-control-team8/build/mpc' returned '0': CMAKE_PREFIX_PATH=/home/milan/sim_ws/install/f1tenth_gym_ros:/opt/ros/humble PS1=(.venv) \[\e]0;\u@\h: \w\a\]${debian_chroot:+($debian_chroot)}\[\033[01;32m\]\u@\h\[\033[00m\]:\[\033[01;34m\]\w\[\033[00m\]\$ VIRTUAL_ENV_PROMPT=(.venv) /usr/bin/cmake --build /home/milan/roboracer_ws/src/lab-8-model-predictive-control-team8/build/mpc -- -j16 -l16
[9.594s] Invoking command in '/home/milan/roboracer_ws/src/lab-8-model-predictive-control-team8/build/mpc': CMAKE_PREFIX_PATH=/home/milan/sim_ws/install/f1tenth_gym_ros:/opt/ros/humble PS1=(.venv) \[\e]0;\u@\h: \w\a\]${debian_chroot:+($debian_chroot)}\[\033[01;32m\]\u@\h\[\033[00m\]:\[\033[01;34m\]\w\[\033[00m\]\$ VIRTUAL_ENV_PROMPT=(.venv) /usr/bin/cmake --install /home/milan/roboracer_ws/src/lab-8-model-predictive-control-team8/build/mpc
[9.599s] -- Install configuration: ""
[9.599s] -- Installing: /home/milan/roboracer_ws/src/lab-8-model-predictive-control-team8/install/mpc/lib/mpc/mpc_node
[9.603s] -- Set runtime path of "/home/milan/roboracer_ws/src/lab-8-model-predictive-control-team8/install/mpc/lib/mpc/mpc_node" to ""
[9.603s] -- Installing: /home/milan/roboracer_ws/src/lab-8-model-predictive-control-team8/install/mpc/share/mpc/environment/pythonpath.sh
[9.603s] -- Installing: /home/milan/roboracer_ws/src/lab-8-model-predictive-control-team8/install/mpc/share/mpc/environment/pythonpath.dsv
[9.603s] -- Installing: /home/milan/roboracer_ws/src/lab-8-model-predictive-control-team8/install/mpc/lib/python3.10/site-packages/mpc-0.0.0-py3.10.egg-info
[9.604s] -- Installing: /home/milan/roboracer_ws/src/lab-8-model-predictive-control-team8/install/mpc/lib/python3.10/site-packages/mpc-0.0.0-py3.10.egg-info/PKG-INFO
[9.604s] -- Installing: /home/milan/roboracer_ws/src/lab-8-model-predictive-control-team8/install/mpc/lib/python3.10/site-packages/mpc-0.0.0-py3.10.egg-info/dependency_links.txt
[9.604s] -- Installing: /home/milan/roboracer_ws/src/lab-8-model-predictive-control-team8/install/mpc/lib/python3.10/site-packages/mpc-0.0.0-py3.10.egg-info/SOURCES.txt
[9.604s] -- Installing: /home/milan/roboracer_ws/src/lab-8-model-predictive-control-team8/install/mpc/lib/python3.10/site-packages/mpc-0.0.0-py3.10.egg-info/top_level.txt
[9.604s] -- Installing: /home/milan/roboracer_ws/src/lab-8-model-predictive-control-team8/install/mpc/lib/python3.10/site-packages/mpc
[9.604s] -- Installing: /home/milan/roboracer_ws/src/lab-8-model-predictive-control-team8/install/mpc/lib/python3.10/site-packages/mpc/__init__.py
[9.624s] Listing '/home/milan/roboracer_ws/src/lab-8-model-predictive-control-team8/install/mpc/lib/python3.10/site-packages/mpc'...
[9.624s] Compiling '/home/milan/roboracer_ws/src/lab-8-model-predictive-control-team8/install/mpc/lib/python3.10/site-packages/mpc/__init__.py'...
[9.627s] -- Installing: /home/milan/roboracer_ws/src/lab-8-model-predictive-control-team8/install/mpc/lib/mpc/mpc_node.py
[9.627s] -- Installing: /home/milan/roboracer_ws/src/lab-8-model-predictive-control-team8/install/mpc/lib/mpc/utils.py
[9.627s] -- Installing: /home/milan/roboracer_ws/src/lab-8-model-predictive-control-team8/install/mpc/share/ament_index/resource_index/package_run_dependencies/mpc
[9.627s] -- Installing: /home/milan/roboracer_ws/src/lab-8-model-predictive-control-team8/install/mpc/share/ament_index/resource_index/parent_prefix_path/mpc
[9.628s] -- Installing: /home/milan/roboracer_ws/src/lab-8-model-predictive-control-team8/install/mpc/share/mpc/environment/ament_prefix_path.sh
[9.628s] -- Installing: /home/milan/roboracer_ws/src/lab-8-model-predictive-control-team8/install/mpc/share/mpc/environment/ament_prefix_path.dsv
[9.628s] -- Installing: /home/milan/roboracer_ws/src/lab-8-model-predictive-control-team8/install/mpc/share/mpc/environment/path.sh
[9.628s] -- Installing: /home/milan/roboracer_ws/src/lab-8-model-predictive-control-team8/install/mpc/share/mpc/environment/path.dsv
[9.628s] -- Installing: /home/milan/roboracer_ws/src/lab-8-model-predictive-control-team8/install/mpc/share/mpc/local_setup.bash
[9.628s] -- Installing: /home/milan/roboracer_ws/src/lab-8-model-predictive-control-team8/install/mpc/share/mpc/local_setup.sh
[9.628s] -- Installing: /home/milan/roboracer_ws/src/lab-8-model-predictive-control-team8/install/mpc/share/mpc/local_setup.zsh
[9.628s] -- Installing: /home/milan/roboracer_ws/src/lab-8-model-predictive-control-team8/install/mpc/share/mpc/local_setup.dsv
[9.628s] -- Installing: /home/milan/roboracer_ws/src/lab-8-model-predictive-control-team8/install/mpc/share/mpc/package.dsv
[9.628s] -- Installing: /home/milan/roboracer_ws/src/lab-8-model-predictive-control-team8/install/mpc/share/ament_index/resource_index/packages/mpc
[9.629s] -- Installing: /home/milan/roboracer_ws/src/lab-8-model-predictive-control-team8/install/mpc/share/mpc/cmake/mpcConfig.cmake
[9.629s] -- Installing: /home/milan/roboracer_ws/src/lab-8-model-predictive-control-team8/install/mpc/share/mpc/cmake/mpcConfig-version.cmake
[9.629s] -- Installing: /home/milan/roboracer_ws/src/lab-8-model-predictive-control-team8/install/mpc/share/mpc/package.xml
[9.631s] Invoked command in '/home/milan/roboracer_ws/src/lab-8-model-predictive-control-team8/build/mpc' returned '0': CMAKE_PREFIX_PATH=/home/milan/sim_ws/install/f1tenth_gym_ros:/opt/ros/humble PS1=(.venv) \[\e]0;\u@\h: \w\a\]${debian_chroot:+($debian_chroot)}\[\033[01;32m\]\u@\h\[\033[00m\]:\[\033[01;34m\]\w\[\033[00m\]\$ VIRTUAL_ENV_PROMPT=(.venv) /usr/bin/cmake --install /home/milan/roboracer_ws/src/lab-8-model-predictive-control-team8/build/mpc
