[0.014s] Invoking command in '/home/milan/roboracer_ws/src/lab-8-model-predictive-control-team8/build/mpc': CMAKE_PREFIX_PATH=/home/milan/sim_ws/install/f1tenth_gym_ros:/opt/ros/humble PS1=(.venv) \[\e]0;\u@\h: \w\a\]${debian_chroot:+($debian_chroot)}\[\033[01;32m\]\u@\h\[\033[00m\]:\[\033[01;34m\]\w\[\033[00m\]\$ VIRTUAL_ENV_PROMPT=(.venv) /usr/bin/cmake /home/milan/roboracer_ws/src/lab-8-model-predictive-control-team8/mpc -DCMAKE_INSTALL_PREFIX=/home/milan/roboracer_ws/src/lab-8-model-predictive-control-team8/install/mpc
[0.060s] -- The C compiler identification is GNU 11.4.0
[0.101s] -- The CXX compiler identification is GNU 11.4.0
[0.107s] -- Detecting C compiler ABI info
[0.166s] -- Detecting C compiler ABI info - done
[0.171s] -- Check for working C compiler: /usr/bin/cc - skipped
[0.171s] -- Detecting C compile features
[0.171s] -- Detecting C compile features - done
[0.174s] -- Detecting CXX compiler ABI info
[0.241s] -- Detecting CXX compiler ABI info - done
[0.246s] -- Check for working CXX compiler: /usr/bin/c++ - skipped
[0.246s] -- Detecting CXX compile features
[0.246s] -- Detecting CXX compile features - done
[0.255s] -- Found ament_cmake: 1.3.12 (/opt/ros/humble/share/ament_cmake/cmake)
[0.427s] -- Found Python3: /home/milan/sim_ws/.venv/bin/python3 (found version "3.10.12") found components: Interpreter 
[0.582s] -- Found rclcpp: 16.0.17 (/opt/ros/humble/share/rclcpp/cmake)
[0.643s] -- Found rosidl_generator_c: 3.1.8 (/opt/ros/humble/share/rosidl_generator_c/cmake)
[0.649s] -- Found rosidl_adapter: 3.1.8 (/opt/ros/humble/share/rosidl_adapter/cmake)
[0.661s] -- Found rosidl_generator_cpp: 3.1.8 (/opt/ros/humble/share/rosidl_generator_cpp/cmake)
[0.679s] -- Using all available rosidl_typesupport_c: rosidl_typesupport_fastrtps_c;rosidl_typesupport_introspection_c
[0.700s] -- Using all available rosidl_typesupport_cpp: rosidl_typesupport_fastrtps_cpp;rosidl_typesupport_introspection_cpp
[0.757s] -- Found rmw_implementation_cmake: 6.1.2 (/opt/ros/humble/share/rmw_implementation_cmake/cmake)
[0.761s] -- Found rmw_fastrtps_cpp: 6.2.9 (/opt/ros/humble/share/rmw_fastrtps_cpp/cmake)
[0.864s] -- Found OpenSSL: /usr/lib/x86_64-linux-gnu/libcrypto.so (found version "3.0.2")  
[0.893s] -- Found FastRTPS: /opt/ros/humble/include  
[0.930s] -- Using RMW implementation 'rmw_fastrtps_cpp' as default
[0.943s] -- Looking for pthread.h
[1.005s] -- Looking for pthread.h - found
[1.006s] -- Performing Test CMAKE_HAVE_LIBC_PTHREAD
[1.069s] -- Performing Test CMAKE_HAVE_LIBC_PTHREAD - Success
[1.070s] -- Found Threads: TRUE  
[1.138s] -- Found rclpy: 3.3.19 (/opt/ros/humble/share/rclpy/cmake)
[1.140s] -- Found geometry_msgs: 4.9.0 (/opt/ros/humble/share/geometry_msgs/cmake)
[1.157s] -- Found nav_msgs: 4.9.0 (/opt/ros/humble/share/nav_msgs/cmake)
[1.177s] -- Found ackermann_msgs: 2.0.2 (/opt/ros/humble/share/ackermann_msgs/cmake)
[1.195s] -- Found sensor_msgs: 4.9.0 (/opt/ros/humble/share/sensor_msgs/cmake)
[1.215s] -- Found visualization_msgs: 4.9.0 (/opt/ros/humble/share/visualization_msgs/cmake)
[1.247s] -- Found tf2: 0.25.18 (/opt/ros/humble/share/tf2/cmake)
[1.260s] -- Found tf2_ros: 0.25.18 (/opt/ros/humble/share/tf2_ros/cmake)
[1.377s] [31mCMake Error at CMakeLists.txt:33 (find_package):
[1.377s]   By not providing "FindOsqpEigen.cmake" in CMAKE_MODULE_PATH this project
[1.377s]   has asked CMake to find a package configuration file provided by
[1.377s]   "OsqpEigen", but CMake did not find one.
[1.377s] 
[1.378s]   Could not find a package configuration file provided by "OsqpEigen" with
[1.378s]   any of the following names:
[1.378s] 
[1.378s]     OsqpEigenConfig.cmake
[1.378s]     osqpeigen-config.cmake
[1.378s] 
[1.378s]   Add the installation prefix of "OsqpEigen" to CMAKE_PREFIX_PATH or set
[1.378s]   "OsqpEigen_DIR" to a directory containing one of the above files.  If
[1.378s]   "OsqpEigen" provides a separate development package or SDK, be sure it has
[1.378s]   been installed.
[1.378s] 
[1.378s] [0m
[1.378s] -- Configuring incomplete, errors occurred!
[1.378s] See also "/home/milan/roboracer_ws/src/lab-8-model-predictive-control-team8/build/mpc/CMakeFiles/CMakeOutput.log".
[1.387s] Invoked command in '/home/milan/roboracer_ws/src/lab-8-model-predictive-control-team8/build/mpc' returned '1': CMAKE_PREFIX_PATH=/home/milan/sim_ws/install/f1tenth_gym_ros:/opt/ros/humble PS1=(.venv) \[\e]0;\u@\h: \w\a\]${debian_chroot:+($debian_chroot)}\[\033[01;32m\]\u@\h\[\033[00m\]:\[\033[01;34m\]\w\[\033[00m\]\$ VIRTUAL_ENV_PROMPT=(.venv) /usr/bin/cmake /home/milan/roboracer_ws/src/lab-8-model-predictive-control-team8/mpc -DCMAKE_INSTALL_PREFIX=/home/milan/roboracer_ws/src/lab-8-model-predictive-control-team8/install/mpc
